{"total": {"lines":{"total":38,"covered":37,"skipped":0,"pct":97.37},"statements":{"total":39,"covered":38,"skipped":0,"pct":97.44},"functions":{"total":10,"covered":10,"skipped":0,"pct":100},"branches":{"total":18,"covered":16,"skipped":0,"pct":88.89}}
,"/home/ben/projects/firecache/src/lib/utils/Object2constStatements.ts": {"lines":{"total":7,"covered":7,"skipped":0,"pct":100},"functions":{"total":4,"covered":4,"skipped":0,"pct":100},"statements":{"total":7,"covered":7,"skipped":0,"pct":100},"branches":{"total":2,"covered":1,"skipped":0,"pct":50}}
,"/home/ben/projects/firecache/src/lib/utils/timestamp-parser.ts": {"lines":{"total":26,"covered":26,"skipped":0,"pct":100},"functions":{"total":5,"covered":5,"skipped":0,"pct":100},"statements":{"total":27,"covered":27,"skipped":0,"pct":100},"branches":{"total":16,"covered":15,"skipped":0,"pct":93.75}}
,"/home/ben/projects/firecache/src/lib/utils/undefined-parser.ts": {"lines":{"total":5,"covered":4,"skipped":0,"pct":80},"functions":{"total":1,"covered":1,"skipped":0,"pct":100},"statements":{"total":5,"covered":4,"skipped":0,"pct":80},"branches":{"total":0,"covered":0,"skipped":0,"pct":100}}
}
