{"total": {"lines":{"total":61,"covered":60,"skipped":0,"pct":98.36},"statements":{"total":64,"covered":63,"skipped":0,"pct":98.44},"functions":{"total":15,"covered":15,"skipped":0,"pct":100},"branches":{"total":30,"covered":28,"skipped":0,"pct":93.33}}
,"/home/ben/projects/firecache/src/lib/utils/Object2constStatements.ts": {"lines":{"total":7,"covered":7,"skipped":0,"pct":100},"functions":{"total":4,"covered":4,"skipped":0,"pct":100},"statements":{"total":7,"covered":7,"skipped":0,"pct":100},"branches":{"total":2,"covered":1,"skipped":0,"pct":50}}
,"/home/ben/projects/firecache/src/lib/utils/timestamp-parser.ts": {"lines":{"total":26,"covered":26,"skipped":0,"pct":100},"functions":{"total":5,"covered":5,"skipped":0,"pct":100},"statements":{"total":27,"covered":27,"skipped":0,"pct":100},"branches":{"total":16,"covered":15,"skipped":0,"pct":93.75}}
,"/home/ben/projects/firecache/src/lib/utils/undefined-parser.ts": {"lines":{"total":28,"covered":27,"skipped":0,"pct":96.43},"functions":{"total":6,"covered":6,"skipped":0,"pct":100},"statements":{"total":30,"covered":29,"skipped":0,"pct":96.67},"branches":{"total":12,"covered":12,"skipped":0,"pct":100}}
}
